# JRE version: OpenJDK Runtime Environment (8.0_242-b01) (build 1.8.0_242-release-1644-b01)
# Java VM: OpenJDK 64-Bit Server VM (25.242-b01 mixed mode windows-amd64 compressed oops)
Heap:
 PSYoungGen      total 591872K, used 541595K [0x00000000d5580000, 0x00000000ff880000, 0x0000000100000000)
  eden space 518656K, 93% used [0x00000000d5580000,0x00000000f3069eb8,0x00000000f5000000)
  from space 73216K, 75% used [0x00000000f9d80000,0x00000000fd37cf60,0x00000000fe500000)
  to   space 79360K, 0% used [0x00000000f5000000,0x00000000f5000000,0x00000000f9d80000)
 ParOldGen       total 226816K, used 123270K [0x0000000080000000, 0x000000008dd80000, 0x00000000d5580000)
  object space 226816K, 54% used [0x0000000080000000,0x0000000087861bb8,0x000000008dd80000)
 Metaspace       used 153535K, capacity 161732K, committed 162176K, reserved 1189888K
  class space    used 19830K, capacity 21391K, committed 21632K, reserved 1048576K
GC Heap History (10 events):
Event: 3396.790 GC heap before
{Heap before GC invocations=27 (full 4):
 PSYoungGen      total 500736K, used 500735K [0x00000000d5580000, 0x00000000f8600000, 0x0000000100000000)
  eden space 468480K, 100% used [0x00000000d5580000,0x00000000f1f00000,0x00000000f1f00000)
  from space 32256K, 99% used [0x00000000f4a80000,0x00000000f69ffef8,0x00000000f6a00000)
  to   space 44544K, 0% used [0x00000000f1f00000,0x00000000f1f00000,0x00000000f4a80000)
 ParOldGen       total 135680K, used 82724K [0x0000000080000000, 0x0000000088480000, 0x00000000d5580000)
  object space 135680K, 60% used [0x0000000080000000,0x00000000850c92e0,0x0000000088480000)
 Metaspace       used 137459K, capacity 145196K, committed 145536K, reserved 1175552K
  class space    used 18028K, capacity 19522K, committed 19584K, reserved 1048576K
Event: 3396.867 GC heap after
Heap after GC invocations=27 (full 4):
 PSYoungGen      total 513024K, used 44525K [0x00000000d5580000, 0x00000000fb400000, 0x0000000100000000)
  eden space 468480K, 0% used [0x00000000d5580000,0x00000000d5580000,0x00000000f1f00000)
  from space 44544K, 99% used [0x00000000f1f00000,0x00000000f4a7b638,0x00000000f4a80000)
  to   space 52736K, 0% used [0x00000000f8080000,0x00000000f8080000,0x00000000fb400000)
 ParOldGen       total 135680K, used 85917K [0x0000000080000000, 0x0000000088480000, 0x00000000d5580000)
  object space 135680K, 63% used [0x0000000080000000,0x00000000853e7488,0x0000000088480000)
 Metaspace       used 137459K, capacity 145196K, committed 145536K, reserved 1175552K
  class space    used 18028K, capacity 19522K, committed 19584K, reserved 1048576K
}
Event: 4897.192 GC heap before
{Heap before GC invocations=28 (full 4):
 PSYoungGen      total 513024K, used 513005K [0x00000000d5580000, 0x00000000fb400000, 0x0000000100000000)
  eden space 468480K, 100% used [0x00000000d5580000,0x00000000f1f00000,0x00000000f1f00000)
  from space 44544K, 99% used [0x00000000f1f00000,0x00000000f4a7b638,0x00000000f4a80000)
  to   space 52736K, 0% used [0x00000000f8080000,0x00000000f8080000,0x00000000fb400000)
 ParOldGen       total 135680K, used 85917K [0x0000000080000000, 0x0000000088480000, 0x00000000d5580000)
  object space 135680K, 63% used [0x0000000080000000,0x00000000853e7488,0x0000000088480000)
 Metaspace       used 144666K, capacity 152682K, committed 152832K, reserved 1181696K
  class space    used 18807K, capacity 20431K, committed 20480K, reserved 1048576K
Event: 4897.606 GC heap after
Heap after GC invocations=28 (full 4):
 PSYoungGen      total 544768K, used 52716K [0x00000000d5580000, 0x00000000fd980000, 0x0000000100000000)
  eden space 492032K, 0% used [0x00000000d5580000,0x00000000d5580000,0x00000000f3600000)
  from space 52736K, 99% used [0x00000000f8080000,0x00000000fb3fb248,0x00000000fb400000)
  to   space 76288K, 0% used [0x00000000f3600000,0x00000000f3600000,0x00000000f8080000)
 ParOldGen       total 135680K, used 125384K [0x0000000080000000, 0x0000000088480000, 0x00000000d5580000)
  object space 135680K, 92% used [0x0000000080000000,0x0000000087a720a8,0x0000000088480000)
 Metaspace       used 144666K, capacity 152682K, committed 152832K, reserved 1181696K
  class space    used 18807K, capacity 20431K, committed 20480K, reserved 1048576K
}
Event: 4897.607 GC heap before
{Heap before GC invocations=29 (full 5):
 PSYoungGen      total 544768K, used 52716K [0x00000000d5580000, 0x00000000fd980000, 0x0000000100000000)
  eden space 492032K, 0% used [0x00000000d5580000,0x00000000d5580000,0x00000000f3600000)
  from space 52736K, 99% used [0x00000000f8080000,0x00000000fb3fb248,0x00000000fb400000)
  to   space 76288K, 0% used [0x00000000f3600000,0x00000000f3600000,0x00000000f8080000)
 ParOldGen       total 135680K, used 125384K [0x0000000080000000, 0x0000000088480000, 0x00000000d5580000)
  object space 135680K, 92% used [0x0000000080000000,0x0000000087a720a8,0x0000000088480000)
 Metaspace       used 144666K, capacity 152682K, committed 152832K, reserved 1181696K
  class space    used 18807K, capacity 20431K, committed 20480K, reserved 1048576K
Event: 4901.155 GC heap after
Heap after GC invocations=29 (full 5):
 PSYoungGen      total 544768K, used 0K [0x00000000d5580000, 0x00000000fd980000, 0x0000000100000000)
  eden space 492032K, 0% used [0x00000000d5580000,0x00000000d5580000,0x00000000f3600000)
  from space 52736K, 0% used [0x00000000f8080000,0x00000000f8080000,0x00000000fb400000)
  to   space 76288K, 0% used [0x00000000f3600000,0x00000000f3600000,0x00000000f8080000)
 ParOldGen       total 226816K, used 123254K [0x0000000080000000, 0x000000008dd80000, 0x00000000d5580000)
  object space 226816K, 54% used [0x0000000080000000,0x000000008785dbb8,0x000000008dd80000)
 Metaspace       used 141324K, capacity 147824K, committed 152832K, reserved 1181696K
  class space    used 18247K, capacity 19583K, committed 20480K, reserved 1048576K
}
Event: 4916.356 GC heap before
{Heap before GC invocations=30 (full 5):
 PSYoungGen      total 544768K, used 492032K [0x00000000d5580000, 0x00000000fd980000, 0x0000000100000000)
  eden space 492032K, 100% used [0x00000000d5580000,0x00000000f3600000,0x00000000f3600000)
  from space 52736K, 0% used [0x00000000f8080000,0x00000000f8080000,0x00000000fb400000)
  to   space 76288K, 0% used [0x00000000f3600000,0x00000000f3600000,0x00000000f8080000)
 ParOldGen       total 226816K, used 123254K [0x0000000080000000, 0x000000008dd80000, 0x00000000d5580000)
  object space 226816K, 54% used [0x0000000080000000,0x000000008785dbb8,0x000000008dd80000)
 Metaspace       used 143900K, capacity 150798K, committed 152832K, reserved 1181696K
  class space    used 18588K, capacity 19972K, committed 20480K, reserved 1048576K
Event: 4916.394 GC heap after
Heap after GC invocations=30 (full 5):
 PSYoungGen      total 568320K, used 16312K [0x00000000d5580000, 0x00000000fe500000, 0x0000000100000000)
  eden space 492032K, 0% used [0x00000000d5580000,0x00000000d5580000,0x00000000f3600000)
  from space 76288K, 21% used [0x00000000f3600000,0x00000000f45ee000,0x00000000f8080000)
  to   space 73216K, 0% used [0x00000000f9d80000,0x00000000f9d80000,0x00000000fe500000)
 ParOldGen       total 226816K, used 123262K [0x0000000080000000, 0x000000008dd80000, 0x00000000d5580000)
  object space 226816K, 54% used [0x0000000080000000,0x000000008785fbb8,0x000000008dd80000)
 Metaspace       used 143900K, capacity 150798K, committed 152832K, reserved 1181696K
  class space    used 18588K, capacity 19972K, committed 20480K, reserved 1048576K
}
Event: 4931.312 GC heap before
{Heap before GC invocations=31 (full 5):
 PSYoungGen      total 568320K, used 508344K [0x00000000d5580000, 0x00000000fe500000, 0x0000000100000000)
  eden space 492032K, 100% used [0x00000000d5580000,0x00000000f3600000,0x00000000f3600000)
  from space 76288K, 21% used [0x00000000f3600000,0x00000000f45ee000,0x00000000f8080000)
  to   space 73216K, 0% used [0x00000000f9d80000,0x00000000f9d80000,0x00000000fe500000)
 ParOldGen       total 226816K, used 123262K [0x0000000080000000, 0x000000008dd80000, 0x00000000d5580000)
  object space 226816K, 54% used [0x0000000080000000,0x000000008785fbb8,0x000000008dd80000)
 Metaspace       used 152680K, capacity 160812K, committed 161280K, reserved 1189888K
  class space    used 19750K, capacity 21307K, committed 21504K, reserved 1048576K
Event: 4931.463 GC heap after
Heap after GC invocations=31 (full 5):
 PSYoungGen      total 591872K, used 55283K [0x00000000d5580000, 0x00000000ff880000, 0x0000000100000000)
  eden space 518656K, 0% used [0x00000000d5580000,0x00000000d5580000,0x00000000f5000000)
  from space 73216K, 75% used [0x00000000f9d80000,0x00000000fd37cf60,0x00000000fe500000)
  to   space 79360K, 0% used [0x00000000f5000000,0x00000000f5000000,0x00000000f9d80000)
 ParOldGen       total 226816K, used 123270K [0x0000000080000000, 0x000000008dd80000, 0x00000000d5580000)
  object space 226816K, 54% used [0x0000000080000000,0x0000000087861bb8,0x000000008dd80000)
 Metaspace       used 152680K, capacity 160812K, committed 161280K, reserved 1189888K
  class space    used 19750K, capacity 21307K, committed 21504K, reserved 1048576K
}

